{"/home/evgeni/Projects/path-of-mirrors/frontend/src/features/notes/index.tsx": {"path":"/home/evgeni/Projects/path-of-mirrors/frontend/src/features/notes/index.tsx","statementMap":{"0":{"start":{"line":43,"column":16},"end":{"line":43,"column":null}},"1":{"start":{"line":44,"column":8},"end":{"line":44,"column":null}},"2":{"start":{"line":45,"column":35},"end":{"line":45,"column":null}},"3":{"start":{"line":46,"column":37},"end":{"line":46,"column":null}},"4":{"start":{"line":47,"column":47},"end":{"line":47,"column":null}},"5":{"start":{"line":48,"column":39},"end":{"line":48,"column":null}},"6":{"start":{"line":55,"column":3},"end":{"line":55,"column":null}},"7":{"start":{"line":56,"column":16},"end":{"line":56,"column":57}},"8":{"start":{"line":59,"column":8},"end":{"line":74,"column":null}},"9":{"start":{"line":62,"column":8},"end":{"line":64,"column":null}},"10":{"start":{"line":65,"column":8},"end":{"line":65,"column":null}},"11":{"start":{"line":66,"column":8},"end":{"line":66,"column":null}},"12":{"start":{"line":70,"column":10},"end":{"line":70,"column":null}},"13":{"start":{"line":71,"column":8},"end":{"line":71,"column":null}},"14":{"start":{"line":76,"column":8},"end":{"line":92,"column":null}},"15":{"start":{"line":79,"column":8},"end":{"line":81,"column":null}},"16":{"start":{"line":82,"column":8},"end":{"line":82,"column":null}},"17":{"start":{"line":83,"column":8},"end":{"line":83,"column":null}},"18":{"start":{"line":84,"column":8},"end":{"line":84,"column":null}},"19":{"start":{"line":88,"column":10},"end":{"line":88,"column":null}},"20":{"start":{"line":89,"column":8},"end":{"line":89,"column":null}},"21":{"start":{"line":94,"column":8},"end":{"line":110,"column":null}},"22":{"start":{"line":97,"column":8},"end":{"line":99,"column":null}},"23":{"start":{"line":100,"column":8},"end":{"line":100,"column":null}},"24":{"start":{"line":101,"column":8},"end":{"line":101,"column":null}},"25":{"start":{"line":102,"column":8},"end":{"line":102,"column":null}},"26":{"start":{"line":106,"column":10},"end":{"line":106,"column":null}},"27":{"start":{"line":107,"column":8},"end":{"line":107,"column":null}},"28":{"start":{"line":112,"column":23},"end":{"line":115,"column":null}},"29":{"start":{"line":113,"column":4},"end":{"line":113,"column":null}},"30":{"start":{"line":114,"column":4},"end":{"line":114,"column":null}},"31":{"start":{"line":117,"column":21},"end":{"line":120,"column":null}},"32":{"start":{"line":118,"column":4},"end":{"line":118,"column":null}},"33":{"start":{"line":119,"column":4},"end":{"line":119,"column":null}},"34":{"start":{"line":122,"column":23},"end":{"line":125,"column":null}},"35":{"start":{"line":123,"column":4},"end":{"line":123,"column":null}},"36":{"start":{"line":124,"column":4},"end":{"line":124,"column":null}},"37":{"start":{"line":127,"column":24},"end":{"line":131,"column":null}},"38":{"start":{"line":128,"column":4},"end":{"line":130,"column":null}},"39":{"start":{"line":129,"column":6},"end":{"line":129,"column":null}},"40":{"start":{"line":133,"column":23},"end":{"line":143,"column":null}},"41":{"start":{"line":134,"column":4},"end":{"line":142,"column":null}},"42":{"start":{"line":135,"column":6},"end":{"line":139,"column":null}},"43":{"start":{"line":141,"column":6},"end":{"line":141,"column":null}},"44":{"start":{"line":145,"column":8},"end":{"line":145,"column":null}},"45":{"start":{"line":147,"column":2},"end":{"line":164,"column":null}}},"fnMap":{"0":{"name":"Notes","decl":{"start":{"line":42,"column":16},"end":{"line":42,"column":null}},"loc":{"start":{"line":42,"column":16},"end":{"line":253,"column":null}},"line":42},"1":{"name":"(anonymous_1)","decl":{"start":{"line":61,"column":17},"end":{"line":61,"column":null}},"loc":{"start":{"line":61,"column":17},"end":{"line":67,"column":null}},"line":61},"2":{"name":"(anonymous_2)","decl":{"start":{"line":68,"column":15},"end":{"line":68,"column":16}},"loc":{"start":{"line":68,"column":16},"end":{"line":72,"column":null}},"line":68},"3":{"name":"(anonymous_3)","decl":{"start":{"line":78,"column":17},"end":{"line":78,"column":null}},"loc":{"start":{"line":78,"column":17},"end":{"line":85,"column":null}},"line":78},"4":{"name":"(anonymous_4)","decl":{"start":{"line":86,"column":15},"end":{"line":86,"column":16}},"loc":{"start":{"line":86,"column":16},"end":{"line":90,"column":null}},"line":86},"5":{"name":"(anonymous_5)","decl":{"start":{"line":96,"column":17},"end":{"line":96,"column":null}},"loc":{"start":{"line":96,"column":17},"end":{"line":103,"column":null}},"line":96},"6":{"name":"(anonymous_6)","decl":{"start":{"line":104,"column":15},"end":{"line":104,"column":16}},"loc":{"start":{"line":104,"column":16},"end":{"line":108,"column":null}},"line":104},"7":{"name":"(anonymous_7)","decl":{"start":{"line":112,"column":23},"end":{"line":112,"column":null}},"loc":{"start":{"line":112,"column":23},"end":{"line":115,"column":null}},"line":112},"8":{"name":"(anonymous_8)","decl":{"start":{"line":117,"column":21},"end":{"line":117,"column":22}},"loc":{"start":{"line":117,"column":22},"end":{"line":120,"column":null}},"line":117},"9":{"name":"(anonymous_9)","decl":{"start":{"line":122,"column":23},"end":{"line":122,"column":24}},"loc":{"start":{"line":122,"column":24},"end":{"line":125,"column":null}},"line":122},"10":{"name":"(anonymous_10)","decl":{"start":{"line":127,"column":24},"end":{"line":127,"column":null}},"loc":{"start":{"line":127,"column":24},"end":{"line":131,"column":null}},"line":127},"11":{"name":"(anonymous_11)","decl":{"start":{"line":133,"column":23},"end":{"line":133,"column":30}},"loc":{"start":{"line":133,"column":30},"end":{"line":143,"column":null}},"line":133}},"branchMap":{"0":{"loc":{"start":{"line":56,"column":16},"end":{"line":56,"column":57}},"type":"cond-expr","locations":[{"start":{"line":56,"column":43},"end":{"line":56,"column":55}},{"start":{"line":56,"column":55},"end":{"line":56,"column":57}}],"line":56},"1":{"loc":{"start":{"line":70,"column":10},"end":{"line":70,"column":null}},"type":"cond-expr","locations":[{"start":{"line":70,"column":35},"end":{"line":70,"column":48}},{"start":{"line":70,"column":51},"end":{"line":70,"column":null}}],"line":70},"2":{"loc":{"start":{"line":88,"column":10},"end":{"line":88,"column":null}},"type":"cond-expr","locations":[{"start":{"line":88,"column":35},"end":{"line":88,"column":48}},{"start":{"line":88,"column":51},"end":{"line":88,"column":null}}],"line":88},"3":{"loc":{"start":{"line":106,"column":10},"end":{"line":106,"column":null}},"type":"cond-expr","locations":[{"start":{"line":106,"column":35},"end":{"line":106,"column":48}},{"start":{"line":106,"column":51},"end":{"line":106,"column":null}}],"line":106},"4":{"loc":{"start":{"line":128,"column":4},"end":{"line":130,"column":null}},"type":"if","locations":[{"start":{"line":128,"column":4},"end":{"line":130,"column":null}},{"start":{},"end":{}}],"line":128},"5":{"loc":{"start":{"line":134,"column":4},"end":{"line":142,"column":null}},"type":"if","locations":[{"start":{"line":134,"column":4},"end":{"line":142,"column":null}},{"start":{"line":140,"column":11},"end":{"line":142,"column":null}}],"line":134},"6":{"loc":{"start":{"line":147,"column":2},"end":{"line":164,"column":null}},"type":"if","locations":[{"start":{"line":147,"column":2},"end":{"line":164,"column":null}},{"start":{},"end":{}}],"line":147},"7":{"loc":{"start":{"line":197,"column":15},"end":{"line":199,"column":null}},"type":"cond-expr","locations":[{"start":{"line":198,"column":18},"end":{"line":198,"column":null}},{"start":{"line":199,"column":18},"end":{"line":199,"column":null}}],"line":197},"8":{"loc":{"start":{"line":226,"column":21},"end":{"line":226,"column":null}},"type":"binary-expr","locations":[{"start":{"line":226,"column":21},"end":{"line":226,"column":45}},{"start":{"line":226,"column":49},"end":{"line":226,"column":null}}],"line":226}},"s":{"0":13,"1":13,"2":13,"3":13,"4":13,"5":13,"6":13,"7":13,"8":13,"9":0,"10":0,"11":0,"12":0,"13":0,"14":13,"15":0,"16":0,"17":0,"18":0,"19":0,"20":0,"21":13,"22":0,"23":0,"24":0,"25":0,"26":0,"27":0,"28":13,"29":1,"30":1,"31":13,"32":0,"33":0,"34":13,"35":0,"36":0,"37":13,"38":0,"39":0,"40":13,"41":0,"42":0,"43":0,"44":13,"45":13},"f":{"0":13,"1":0,"2":0,"3":0,"4":0,"5":0,"6":0,"7":1,"8":0,"9":0,"10":0,"11":0},"b":{"0":[13,0],"1":[0,0],"2":[0,0],"3":[0,0],"4":[0,0],"5":[0,0],"6":[1,12],"7":[1,11],"8":[13,12]},"meta":{"lastBranch":9,"lastFunction":12,"lastStatement":46,"seen":{"f:42:16:42:Infinity":0,"s:43:16:43:Infinity":0,"s:44:8:44:Infinity":1,"s:45:35:45:Infinity":2,"s:46:37:46:Infinity":3,"s:47:47:47:Infinity":4,"s:48:39:48:Infinity":5,"s:55:3:55:Infinity":6,"s:56:16:56:57":7,"b:56:43:56:55:56:55:56:57":0,"s:59:8:74:Infinity":8,"f:61:17:61:Infinity":1,"s:62:8:64:Infinity":9,"s:65:8:65:Infinity":10,"s:66:8:66:Infinity":11,"f:68:15:68:16":2,"s:70:10:70:Infinity":12,"b:70:35:70:48:70:51:70:Infinity":1,"s:71:8:71:Infinity":13,"s:76:8:92:Infinity":14,"f:78:17:78:Infinity":3,"s:79:8:81:Infinity":15,"s:82:8:82:Infinity":16,"s:83:8:83:Infinity":17,"s:84:8:84:Infinity":18,"f:86:15:86:16":4,"s:88:10:88:Infinity":19,"b:88:35:88:48:88:51:88:Infinity":2,"s:89:8:89:Infinity":20,"s:94:8:110:Infinity":21,"f:96:17:96:Infinity":5,"s:97:8:99:Infinity":22,"s:100:8:100:Infinity":23,"s:101:8:101:Infinity":24,"s:102:8:102:Infinity":25,"f:104:15:104:16":6,"s:106:10:106:Infinity":26,"b:106:35:106:48:106:51:106:Infinity":3,"s:107:8:107:Infinity":27,"s:112:23:115:Infinity":28,"f:112:23:112:Infinity":7,"s:113:4:113:Infinity":29,"s:114:4:114:Infinity":30,"s:117:21:120:Infinity":31,"f:117:21:117:22":8,"s:118:4:118:Infinity":32,"s:119:4:119:Infinity":33,"s:122:23:125:Infinity":34,"f:122:23:122:24":9,"s:123:4:123:Infinity":35,"s:124:4:124:Infinity":36,"s:127:24:131:Infinity":37,"f:127:24:127:Infinity":10,"b:128:4:130:Infinity:undefined:undefined:undefined:undefined":4,"s:128:4:130:Infinity":38,"s:129:6:129:Infinity":39,"s:133:23:143:Infinity":40,"f:133:23:133:30":11,"b:134:4:142:Infinity:140:11:142:Infinity":5,"s:134:4:142:Infinity":41,"s:135:6:139:Infinity":42,"s:141:6:141:Infinity":43,"s:145:8:145:Infinity":44,"b:147:2:164:Infinity:undefined:undefined:undefined:undefined":6,"s:147:2:164:Infinity":45,"b:198:18:198:Infinity:199:18:199:Infinity":7,"b:226:21:226:45:226:49:226:Infinity":8}}}
,"/home/evgeni/Projects/path-of-mirrors/frontend/src/features/notes/components/note-form-dialog.tsx": {"path":"/home/evgeni/Projects/path-of-mirrors/frontend/src/features/notes/components/note-form-dialog.tsx","statementMap":{"0":{"start":{"line":34,"column":25},"end":{"line":34,"column":null}},"1":{"start":{"line":35,"column":29},"end":{"line":35,"column":null}},"2":{"start":{"line":37,"column":23},"end":{"line":46,"column":null}},"3":{"start":{"line":38,"column":4},"end":{"line":38,"column":null}},"4":{"start":{"line":39,"column":4},"end":{"line":42,"column":null}},"5":{"start":{"line":44,"column":4},"end":{"line":44,"column":null}},"6":{"start":{"line":45,"column":4},"end":{"line":45,"column":null}},"7":{"start":{"line":48,"column":27},"end":{"line":59,"column":null}},"8":{"start":{"line":49,"column":4},"end":{"line":57,"column":null}},"9":{"start":{"line":51,"column":6},"end":{"line":51,"column":null}},"10":{"start":{"line":52,"column":6},"end":{"line":52,"column":null}},"11":{"start":{"line":53,"column":11},"end":{"line":57,"column":null}},"12":{"start":{"line":55,"column":6},"end":{"line":55,"column":null}},"13":{"start":{"line":56,"column":6},"end":{"line":56,"column":null}},"14":{"start":{"line":58,"column":4},"end":{"line":58,"column":null}},"15":{"start":{"line":81,"column":33},"end":{"line":81,"column":null}},"16":{"start":{"line":92,"column":33},"end":{"line":92,"column":null}},"17":{"start":{"line":102,"column":29},"end":{"line":102,"column":null}}},"fnMap":{"0":{"name":"NoteFormDialog","decl":{"start":{"line":26,"column":16},"end":{"line":26,"column":31}},"loc":{"start":{"line":33,"column":22},"end":{"line":115,"column":null}},"line":33},"1":{"name":"(anonymous_1)","decl":{"start":{"line":37,"column":23},"end":{"line":37,"column":24}},"loc":{"start":{"line":37,"column":24},"end":{"line":46,"column":null}},"line":37},"2":{"name":"(anonymous_2)","decl":{"start":{"line":48,"column":27},"end":{"line":48,"column":28}},"loc":{"start":{"line":48,"column":28},"end":{"line":59,"column":null}},"line":48},"3":{"name":"(anonymous_3)","decl":{"start":{"line":81,"column":26},"end":{"line":81,"column":27}},"loc":{"start":{"line":81,"column":33},"end":{"line":81,"column":null}},"line":81},"4":{"name":"(anonymous_4)","decl":{"start":{"line":92,"column":26},"end":{"line":92,"column":27}},"loc":{"start":{"line":92,"column":33},"end":{"line":92,"column":null}},"line":92},"5":{"name":"(anonymous_5)","decl":{"start":{"line":102,"column":23},"end":{"line":102,"column":29}},"loc":{"start":{"line":102,"column":29},"end":{"line":102,"column":null}},"line":102}},"branchMap":{"0":{"loc":{"start":{"line":41,"column":15},"end":{"line":41,"column":null}},"type":"binary-expr","locations":[{"start":{"line":41,"column":15},"end":{"line":41,"column":26}},{"start":{"line":41,"column":26},"end":{"line":41,"column":null}}],"line":41},"1":{"loc":{"start":{"line":49,"column":4},"end":{"line":57,"column":null}},"type":"if","locations":[{"start":{"line":49,"column":4},"end":{"line":57,"column":null}},{"start":{"line":53,"column":11},"end":{"line":57,"column":null}}],"line":49},"2":{"loc":{"start":{"line":49,"column":8},"end":{"line":49,"column":25}},"type":"binary-expr","locations":[{"start":{"line":49,"column":8},"end":{"line":49,"column":19}},{"start":{"line":49,"column":19},"end":{"line":49,"column":25}}],"line":49},"3":{"loc":{"start":{"line":52,"column":17},"end":{"line":52,"column":null}},"type":"binary-expr","locations":[{"start":{"line":52,"column":17},"end":{"line":52,"column":29}},{"start":{"line":52,"column":33},"end":{"line":52,"column":null}}],"line":52},"4":{"loc":{"start":{"line":53,"column":11},"end":{"line":57,"column":null}},"type":"if","locations":[{"start":{"line":53,"column":11},"end":{"line":57,"column":null}},{"start":{},"end":{}}],"line":53},"5":{"loc":{"start":{"line":66,"column":26},"end":{"line":66,"column":null}},"type":"cond-expr","locations":[{"start":{"line":66,"column":33},"end":{"line":66,"column":47}},{"start":{"line":66,"column":47},"end":{"line":66,"column":null}}],"line":66},"6":{"loc":{"start":{"line":68,"column":15},"end":{"line":70,"column":null}},"type":"cond-expr","locations":[{"start":{"line":69,"column":18},"end":{"line":69,"column":null}},{"start":{"line":70,"column":18},"end":{"line":70,"column":null}}],"line":68},"7":{"loc":{"start":{"line":107,"column":44},"end":{"line":107,"column":null}},"type":"binary-expr","locations":[{"start":{"line":107,"column":44},"end":{"line":107,"column":57}},{"start":{"line":107,"column":57},"end":{"line":107,"column":null}}],"line":107},"8":{"loc":{"start":{"line":108,"column":15},"end":{"line":108,"column":null}},"type":"cond-expr","locations":[{"start":{"line":108,"column":27},"end":{"line":108,"column":41}},{"start":{"line":108,"column":41},"end":{"line":108,"column":null}}],"line":108},"9":{"loc":{"start":{"line":108,"column":41},"end":{"line":108,"column":null}},"type":"cond-expr","locations":[{"start":{"line":108,"column":48},"end":{"line":108,"column":64}},{"start":{"line":108,"column":64},"end":{"line":108,"column":null}}],"line":108}},"s":{"0":132,"1":132,"2":132,"3":5,"4":5,"5":5,"6":5,"7":132,"8":1,"9":0,"10":0,"11":1,"12":1,"13":1,"14":1,"15":56,"16":36,"17":1},"f":{"0":132,"1":5,"2":1,"3":56,"4":36,"5":1},"b":{"0":[5,2],"1":[0,1],"2":[1,0],"3":[0,0],"4":[1,0],"5":[3,129],"6":[3,129],"7":[132,129],"8":[3,129],"9":[3,126]},"meta":{"lastBranch":10,"lastFunction":6,"lastStatement":18,"seen":{"f:26:16:26:31":0,"s:34:25:34:Infinity":0,"s:35:29:35:Infinity":1,"s:37:23:46:Infinity":2,"f:37:23:37:24":1,"s:38:4:38:Infinity":3,"s:39:4:42:Infinity":4,"b:41:15:41:26:41:26:41:Infinity":0,"s:44:4:44:Infinity":5,"s:45:4:45:Infinity":6,"s:48:27:59:Infinity":7,"f:48:27:48:28":2,"b:49:4:57:Infinity:53:11:57:Infinity":1,"s:49:4:57:Infinity":8,"b:49:8:49:19:49:19:49:25":2,"s:51:6:51:Infinity":9,"s:52:6:52:Infinity":10,"b:52:17:52:29:52:33:52:Infinity":3,"b:53:11:57:Infinity:undefined:undefined:undefined:undefined":4,"s:53:11:57:Infinity":11,"s:55:6:55:Infinity":12,"s:56:6:56:Infinity":13,"s:58:4:58:Infinity":14,"b:66:33:66:47:66:47:66:Infinity":5,"b:69:18:69:Infinity:70:18:70:Infinity":6,"f:81:26:81:27":3,"s:81:33:81:Infinity":15,"f:92:26:92:27":4,"s:92:33:92:Infinity":16,"f:102:23:102:29":5,"s:102:29:102:Infinity":17,"b:107:44:107:57:107:57:107:Infinity":7,"b:108:27:108:41:108:41:108:Infinity":8,"b:108:48:108:64:108:64:108:Infinity":9}}}
,"/home/evgeni/Projects/path-of-mirrors/frontend/src/features/notes/components/notes-columns.tsx": {"path":"/home/evgeni/Projects/path-of-mirrors/frontend/src/features/notes/components/notes-columns.tsx","statementMap":{"0":{"start":{"line":7,"column":34},"end":{"line":94,"column":null}},"1":{"start":{"line":10,"column":24},"end":{"line":94,"column":null}},"2":{"start":{"line":18,"column":23},"end":{"line":18,"column":null}},"3":{"start":{"line":31,"column":22},"end":{"line":31,"column":null}},"4":{"start":{"line":47,"column":26},"end":{"line":47,"column":null}},"5":{"start":{"line":67,"column":19},"end":{"line":67,"column":null}},"6":{"start":{"line":80,"column":57},"end":{"line":80,"column":null}},"7":{"start":{"line":86,"column":25},"end":{"line":86,"column":null}}},"fnMap":{"0":{"name":"(anonymous_0)","decl":{"start":{"line":7,"column":34},"end":{"line":7,"column":null}},"loc":{"start":{"line":10,"column":24},"end":{"line":94,"column":null}},"line":10},"1":{"name":"(anonymous_1)","decl":{"start":{"line":18,"column":17},"end":{"line":18,"column":23}},"loc":{"start":{"line":18,"column":23},"end":{"line":18,"column":null}},"line":18},"2":{"name":"(anonymous_2)","decl":{"start":{"line":30,"column":10},"end":{"line":30,"column":11}},"loc":{"start":{"line":30,"column":18},"end":{"line":39,"column":null}},"line":30},"3":{"name":"(anonymous_3)","decl":{"start":{"line":46,"column":10},"end":{"line":46,"column":11}},"loc":{"start":{"line":46,"column":18},"end":{"line":59,"column":null}},"line":46},"4":{"name":"(anonymous_4)","decl":{"start":{"line":66,"column":10},"end":{"line":66,"column":11}},"loc":{"start":{"line":66,"column":18},"end":{"line":73,"column":null}},"line":66},"5":{"name":"(anonymous_5)","decl":{"start":{"line":80,"column":51},"end":{"line":80,"column":57}},"loc":{"start":{"line":80,"column":57},"end":{"line":80,"column":null}},"line":80},"6":{"name":"(anonymous_6)","decl":{"start":{"line":86,"column":19},"end":{"line":86,"column":25}},"loc":{"start":{"line":86,"column":25},"end":{"line":86,"column":null}},"line":86}},"branchMap":{"0":{"loc":{"start":{"line":36,"column":11},"end":{"line":36,"column":null}},"type":"cond-expr","locations":[{"start":{"line":36,"column":34},"end":{"line":36,"column":67}},{"start":{"line":36,"column":70},"end":{"line":36,"column":null}}],"line":36},"1":{"loc":{"start":{"line":51,"column":12},"end":{"line":53,"column":null}},"type":"cond-expr","locations":[{"start":{"line":52,"column":16},"end":{"line":52,"column":null}},{"start":{"line":53,"column":16},"end":{"line":53,"column":null}}],"line":51}},"s":{"0":1,"1":13,"2":0,"3":20,"4":20,"5":20,"6":0,"7":0},"f":{"0":13,"1":0,"2":20,"3":20,"4":20,"5":0,"6":0},"b":{"0":[0,10],"1":[20,0]},"meta":{"lastBranch":2,"lastFunction":7,"lastStatement":8,"seen":{"s:7:34:94:Infinity":0,"f:7:34:7:Infinity":0,"s:10:24:94:Infinity":1,"f:18:17:18:23":1,"s:18:23:18:Infinity":2,"f:30:10:30:11":2,"s:31:22:31:Infinity":3,"b:36:34:36:67:36:70:36:Infinity":0,"f:46:10:46:11":3,"s:47:26:47:Infinity":4,"b:52:16:52:Infinity:53:16:53:Infinity":1,"f:66:10:66:11":4,"s:67:19:67:Infinity":5,"f:80:51:80:57":5,"s:80:57:80:Infinity":6,"f:86:19:86:25":6,"s:86:25:86:Infinity":7}}}
,"/home/evgeni/Projects/path-of-mirrors/frontend/src/features/notes/components/notes-table.tsx": {"path":"/home/evgeni/Projects/path-of-mirrors/frontend/src/features/notes/components/notes-table.tsx","statementMap":{"0":{"start":{"line":29,"column":8},"end":{"line":36,"column":null}},"1":{"start":{"line":60,"column":44},"end":{"line":76,"column":15}}},"fnMap":{"0":{"name":"NotesTable","decl":{"start":{"line":25,"column":16},"end":{"line":25,"column":42}},"loc":{"start":{"line":28,"column":33},"end":{"line":91,"column":null}},"line":28},"1":{"name":"(anonymous_1)","decl":{"start":{"line":60,"column":43},"end":{"line":60,"column":44}},"loc":{"start":{"line":60,"column":44},"end":{"line":76,"column":15}},"line":60}},"branchMap":{"0":{"loc":{"start":{"line":47,"column":21},"end":{"line":51,"column":null}},"type":"cond-expr","locations":[{"start":{"line":48,"column":24},"end":{"line":48,"column":null}},{"start":{"line":48,"column":24},"end":{"line":51,"column":null}}],"line":47},"1":{"loc":{"start":{"line":63,"column":30},"end":{"line":63,"column":null}},"type":"binary-expr","locations":[{"start":{"line":63,"column":30},"end":{"line":63,"column":53}},{"start":{"line":63,"column":53},"end":{"line":63,"column":null}}],"line":63}},"s":{"0":10,"1":20},"f":{"0":10,"1":20},"b":{"0":[0,50],"1":[20,0]},"meta":{"lastBranch":2,"lastFunction":2,"lastStatement":2,"seen":{"f:25:16:25:42":0,"s:29:8:36:Infinity":0,"b:48:24:48:Infinity:48:24:51:Infinity":0,"f:60:43:60:44":1,"s:60:44:76:15":1,"b:63:30:63:53:63:53:63:Infinity":1}}}
,"/home/evgeni/Projects/path-of-mirrors/frontend/src/hooks/use-mobile.tsx": {"path":"/home/evgeni/Projects/path-of-mirrors/frontend/src/hooks/use-mobile.tsx","statementMap":{"0":{"start":{"line":3,"column":26},"end":{"line":3,"column":null}},"1":{"start":{"line":6,"column":34},"end":{"line":6,"column":null}},"2":{"start":{"line":8,"column":2},"end":{"line":16,"column":null}},"3":{"start":{"line":9,"column":16},"end":{"line":9,"column":null}},"4":{"start":{"line":10,"column":21},"end":{"line":12,"column":null}},"5":{"start":{"line":11,"column":6},"end":{"line":11,"column":null}},"6":{"start":{"line":13,"column":4},"end":{"line":13,"column":null}},"7":{"start":{"line":14,"column":4},"end":{"line":14,"column":null}},"8":{"start":{"line":15,"column":4},"end":{"line":15,"column":null}},"9":{"start":{"line":15,"column":17},"end":{"line":15,"column":null}},"10":{"start":{"line":18,"column":2},"end":{"line":18,"column":null}}},"fnMap":{"0":{"name":"useIsMobile","decl":{"start":{"line":5,"column":16},"end":{"line":5,"column":null}},"loc":{"start":{"line":5,"column":16},"end":{"line":19,"column":null}},"line":5},"1":{"name":"(anonymous_1)","decl":{"start":{"line":8,"column":18},"end":{"line":8,"column":null}},"loc":{"start":{"line":8,"column":18},"end":{"line":16,"column":5}},"line":8},"2":{"name":"(anonymous_2)","decl":{"start":{"line":10,"column":21},"end":{"line":10,"column":null}},"loc":{"start":{"line":10,"column":21},"end":{"line":12,"column":null}},"line":10},"3":{"name":"(anonymous_3)","decl":{"start":{"line":15,"column":11},"end":{"line":15,"column":17}},"loc":{"start":{"line":15,"column":17},"end":{"line":15,"column":null}},"line":15}},"branchMap":{},"s":{"0":1,"1":24,"2":24,"3":12,"4":12,"5":0,"6":12,"7":12,"8":12,"9":12,"10":24},"f":{"0":24,"1":12,"2":0,"3":12},"b":{},"meta":{"lastBranch":0,"lastFunction":4,"lastStatement":11,"seen":{"s:3:26:3:Infinity":0,"f:5:16:5:Infinity":0,"s:6:34:6:Infinity":1,"s:8:2:16:Infinity":2,"f:8:18:8:Infinity":1,"s:9:16:9:Infinity":3,"s:10:21:12:Infinity":4,"f:10:21:10:Infinity":2,"s:11:6:11:Infinity":5,"s:13:4:13:Infinity":6,"s:14:4:14:Infinity":7,"s:15:4:15:Infinity":8,"f:15:11:15:17":3,"s:15:17:15:Infinity":9,"s:18:2:18:Infinity":10}}}
,"/home/evgeni/Projects/path-of-mirrors/frontend/src/hooks/useGameContext.tsx": {"path":"/home/evgeni/Projects/path-of-mirrors/frontend/src/hooks/useGameContext.tsx","statementMap":{"0":{"start":{"line":11,"column":6},"end":{"line":11,"column":null}},"1":{"start":{"line":13,"column":20},"end":{"line":13,"column":null}},"2":{"start":{"line":17,"column":28},"end":{"line":20,"column":null}},"3":{"start":{"line":18,"column":19},"end":{"line":18,"column":null}},"4":{"start":{"line":19,"column":4},"end":{"line":19,"column":null}},"5":{"start":{"line":23,"column":18},"end":{"line":26,"column":null}},"6":{"start":{"line":24,"column":4},"end":{"line":24,"column":null}},"7":{"start":{"line":25,"column":4},"end":{"line":25,"column":null}},"8":{"start":{"line":36,"column":8},"end":{"line":36,"column":null}},"9":{"start":{"line":37,"column":2},"end":{"line":39,"column":null}},"10":{"start":{"line":38,"column":4},"end":{"line":38,"column":null}},"11":{"start":{"line":40,"column":2},"end":{"line":40,"column":null}}},"fnMap":{"0":{"name":"GameProvider","decl":{"start":{"line":15,"column":16},"end":{"line":15,"column":29}},"loc":{"start":{"line":15,"column":66},"end":{"line":33,"column":null}},"line":15},"1":{"name":"(anonymous_1)","decl":{"start":{"line":17,"column":46},"end":{"line":17,"column":null}},"loc":{"start":{"line":17,"column":46},"end":{"line":20,"column":null}},"line":17},"2":{"name":"(anonymous_2)","decl":{"start":{"line":23,"column":18},"end":{"line":23,"column":19}},"loc":{"start":{"line":23,"column":19},"end":{"line":26,"column":null}},"line":23},"3":{"name":"useGameContext","decl":{"start":{"line":35,"column":16},"end":{"line":35,"column":null}},"loc":{"start":{"line":35,"column":16},"end":{"line":41,"column":null}},"line":35}},"branchMap":{"0":{"loc":{"start":{"line":19,"column":11},"end":{"line":19,"column":null}},"type":"cond-expr","locations":[{"start":{"line":19,"column":52},"end":{"line":19,"column":61}},{"start":{"line":19,"column":61},"end":{"line":19,"column":null}}],"line":19},"1":{"loc":{"start":{"line":19,"column":11},"end":{"line":19,"column":52}},"type":"binary-expr","locations":[{"start":{"line":19,"column":11},"end":{"line":19,"column":32}},{"start":{"line":19,"column":32},"end":{"line":19,"column":52}}],"line":19},"2":{"loc":{"start":{"line":37,"column":2},"end":{"line":39,"column":null}},"type":"if","locations":[{"start":{"line":37,"column":2},"end":{"line":39,"column":null}},{"start":{},"end":{}}],"line":37}},"s":{"0":1,"1":1,"2":19,"3":12,"4":12,"5":19,"6":7,"7":7,"8":21,"9":21,"10":2,"11":19},"f":{"0":19,"1":12,"2":7,"3":21},"b":{"0":[4,8],"1":[12,11],"2":[2,19]},"meta":{"lastBranch":3,"lastFunction":4,"lastStatement":12,"seen":{"s:11:6:11:Infinity":0,"s:13:20:13:Infinity":1,"f:15:16:15:29":0,"s:17:28:20:Infinity":2,"f:17:46:17:Infinity":1,"s:18:19:18:Infinity":3,"s:19:4:19:Infinity":4,"b:19:52:19:61:19:61:19:Infinity":0,"b:19:11:19:32:19:32:19:52":1,"s:23:18:26:Infinity":5,"f:23:18:23:19":2,"s:24:4:24:Infinity":6,"s:25:4:25:Infinity":7,"f:35:16:35:Infinity":3,"s:36:8:36:Infinity":8,"b:37:2:39:Infinity:undefined:undefined:undefined:undefined":2,"s:37:2:39:Infinity":9,"s:38:4:38:Infinity":10,"s:40:2:40:Infinity":11}}}
}
